<?xml version="1.0" encoding="UTF-8"?>
<!-- Generated by org.testng.reporters.JUnitReportReporter -->
<testsuite hostname="DESKTOP-FR930K3" failures="0" tests="6" name="api.test.DDTest" time="9.936" errors="0" timestamp="2024-12-23T09:36:40 ICT" skipped="0">
  <testcase classname="api.test.DDTest" name="testPostPet" time="1.476"/>
  <testcase classname="api.test.DDTest" name="testPostPet" time="3.100"/>
  <testcase classname="api.test.DDTest" name="testPostPet" time="1.362"/>
  <testcase classname="api.test.DDTest" name="testDeletePetByPetID" time="1.313"/>
  <testcase classname="api.test.DDTest" name="testDeletePetByPetID" time="1.301"/>
  <testcase classname="api.test.DDTest" name="testDeletePetByPetID" time="1.384"/>
</testsuite> <!-- api.test.DDTest -->
