<?xml version="1.0" encoding="UTF-8"?>
<!-- Generated by org.testng.reporters.JUnitReportReporter -->
<testsuite hostname="DESKTOP-FR930K3" failures="0" tests="4" name="api.test.PetTest" time="6.783" errors="0" timestamp="2024-12-23T09:43:05 ICT" skipped="0">
  <testcase classname="api.test.PetTest" name="testPostPet" time="2.949"/>
  <testcase classname="api.test.PetTest" name="testGetPetByPetID" time="1.301"/>
  <testcase classname="api.test.PetTest" name="testUpdatePetByPetID" time="1.268"/>
  <testcase classname="api.test.PetTest" name="testDeletePetByPetID" time="1.265"/>
</testsuite> <!-- api.test.PetTest -->
